2018-03-26 05:41:50 [192.168.10.1][-][-][warning][yii\debug\Module::checkAccess] Access to debugger is denied due to IP address restriction. The requesting IP address is 192.168.10.1
    in /home/vagrant/Code/xiaohtstyle/yii2-advanced/frontend/views/layouts/main.php:80
    in /home/vagrant/Code/xiaohtstyle/yii2-advanced/frontend/controllers/SiteController.php:75
2018-03-26 05:41:50 [192.168.10.1][-][-][warning][yii\debug\Module::checkAccess] Access to debugger is denied due to IP address restriction. The requesting IP address is 192.168.10.1
2018-03-26 05:41:49 [192.168.10.1][-][-][info][application] $_GET = []

$_POST = []

$_FILES = []

$_COOKIE = []

$_SESSION = [
    '__flash' => []
]

$_SERVER = [
    'USER' => 'vagrant'
    'HOME' => '/home/vagrant'
    'HTTP_ACCEPT_LANGUAGE' => 'zh-CN,zh;q=0.9'
    'HTTP_ACCEPT_ENCODING' => 'gzip, deflate'
    'HTTP_ACCEPT' => 'text/html,application/xhtml+xml,application/xml;q=0.9,image/webp,image/apng,*/*;q=0.8'
    'HTTP_USER_AGENT' => 'Mozilla/5.0 (Windows NT 10.0; WOW64) AppleWebKit/537.36 (KHTML, like Gecko) Chrome/65.0.3325.181 Safari/537.36'
    'HTTP_UPGRADE_INSECURE_REQUESTS' => '1'
    'HTTP_CONNECTION' => 'keep-alive'
    'HTTP_HOST' => 'www.yii2-advanced.com'
    'REDIRECT_STATUS' => '200'
    'SERVER_NAME' => 'www.yii2-advanced.com'
    'SERVER_PORT' => '80'
    'SERVER_ADDR' => '192.168.10.10'
    'REMOTE_PORT' => '7997'
    'REMOTE_ADDR' => '192.168.10.1'
    'SERVER_SOFTWARE' => 'nginx/1.13.3'
    'GATEWAY_INTERFACE' => 'CGI/1.1'
    'SERVER_PROTOCOL' => 'HTTP/1.1'
    'DOCUMENT_ROOT' => '/home/vagrant/Code/xiaohtstyle/yii2-advanced/frontend/web'
    'DOCUMENT_URI' => '/index.php'
    'REQUEST_URI' => '/'
    'SCRIPT_NAME' => '/index.php'
    'SCRIPT_FILENAME' => '/home/vagrant/Code/xiaohtstyle/yii2-advanced/frontend/web/index.php'
    'CONTENT_LENGTH' => ''
    'CONTENT_TYPE' => ''
    'REQUEST_METHOD' => 'GET'
    'QUERY_STRING' => ''
    'FCGI_ROLE' => 'RESPONDER'
    'PHP_SELF' => '/index.php'
    'REQUEST_TIME_FLOAT' => 1522042909.3357
    'REQUEST_TIME' => 1522042909
]
2018-03-26 05:41:53 [192.168.10.1][-][-][warning][yii\debug\Module::checkAccess] Access to debugger is denied due to IP address restriction. The requesting IP address is 192.168.10.1
    in /home/vagrant/Code/xiaohtstyle/yii2-advanced/frontend/views/layouts/main.php:80
    in /home/vagrant/Code/xiaohtstyle/yii2-advanced/frontend/controllers/SiteController.php:163
2018-03-26 05:41:53 [192.168.10.1][-][-][warning][yii\debug\Module::checkAccess] Access to debugger is denied due to IP address restriction. The requesting IP address is 192.168.10.1
2018-03-26 05:41:52 [192.168.10.1][-][-][info][application] $_GET = [
    'r' => 'site/signup'
]

$_POST = []

$_FILES = []

$_COOKIE = [
    'advanced-frontend' => '0l0oi4jmhsnadee4hqjn65ieqh'
    '_csrf-frontend' => '5890efdf0148f0c4a552f29fe4a5ecf8854d2d40a57119ff3329cf8ed7e09361a:2:{i:0;s:14:\"_csrf-frontend\";i:1;s:32:\"l_eQDsQJZve2YwjIEO7NG3bkPb_VEV_m\";}'
]

$_SESSION = [
    '__flash' => []
]

$_SERVER = [
    'USER' => 'vagrant'
    'HOME' => '/home/vagrant'
    'HTTP_COOKIE' => 'advanced-frontend=0l0oi4jmhsnadee4hqjn65ieqh; _csrf-frontend=5890efdf0148f0c4a552f29fe4a5ecf8854d2d40a57119ff3329cf8ed7e09361a%3A2%3A%7Bi%3A0%3Bs%3A14%3A%22_csrf-frontend%22%3Bi%3A1%3Bs%3A32%3A%22l_eQDsQJZve2YwjIEO7NG3bkPb_VEV_m%22%3B%7D'
    'HTTP_ACCEPT_LANGUAGE' => 'zh-CN,zh;q=0.9'
    'HTTP_ACCEPT_ENCODING' => 'gzip, deflate'
    'HTTP_REFERER' => 'http://www.yii2-advanced.com/'
    'HTTP_ACCEPT' => 'text/html,application/xhtml+xml,application/xml;q=0.9,image/webp,image/apng,*/*;q=0.8'
    'HTTP_USER_AGENT' => 'Mozilla/5.0 (Windows NT 10.0; WOW64) AppleWebKit/537.36 (KHTML, like Gecko) Chrome/65.0.3325.181 Safari/537.36'
    'HTTP_UPGRADE_INSECURE_REQUESTS' => '1'
    'HTTP_CONNECTION' => 'keep-alive'
    'HTTP_HOST' => 'www.yii2-advanced.com'
    'REDIRECT_STATUS' => '200'
    'SERVER_NAME' => 'www.yii2-advanced.com'
    'SERVER_PORT' => '80'
    'SERVER_ADDR' => '192.168.10.10'
    'REMOTE_PORT' => '8004'
    'REMOTE_ADDR' => '192.168.10.1'
    'SERVER_SOFTWARE' => 'nginx/1.13.3'
    'GATEWAY_INTERFACE' => 'CGI/1.1'
    'SERVER_PROTOCOL' => 'HTTP/1.1'
    'DOCUMENT_ROOT' => '/home/vagrant/Code/xiaohtstyle/yii2-advanced/frontend/web'
    'DOCUMENT_URI' => '/index.php'
    'REQUEST_URI' => '/index.php?r=site%2Fsignup'
    'SCRIPT_NAME' => '/index.php'
    'SCRIPT_FILENAME' => '/home/vagrant/Code/xiaohtstyle/yii2-advanced/frontend/web/index.php'
    'CONTENT_LENGTH' => ''
    'CONTENT_TYPE' => ''
    'REQUEST_METHOD' => 'GET'
    'QUERY_STRING' => 'r=site%2Fsignup'
    'FCGI_ROLE' => 'RESPONDER'
    'PHP_SELF' => '/index.php'
    'REQUEST_TIME_FLOAT' => 1522042912.7543
    'REQUEST_TIME' => 1522042912
]
2018-03-26 05:41:57 [192.168.10.1][-][-][warning][yii\debug\Module::checkAccess] Access to debugger is denied due to IP address restriction. The requesting IP address is 192.168.10.1
    in /home/vagrant/Code/xiaohtstyle/yii2-advanced/frontend/views/layouts/main.php:80
    in /home/vagrant/Code/xiaohtstyle/yii2-advanced/frontend/controllers/SiteController.php:75
2018-03-26 05:41:57 [192.168.10.1][-][-][warning][yii\debug\Module::checkAccess] Access to debugger is denied due to IP address restriction. The requesting IP address is 192.168.10.1
2018-03-26 05:41:57 [192.168.10.1][-][-][info][application] $_GET = []

$_POST = []

$_FILES = []

$_COOKIE = [
    'advanced-frontend' => '0l0oi4jmhsnadee4hqjn65ieqh'
    '_csrf-frontend' => '5890efdf0148f0c4a552f29fe4a5ecf8854d2d40a57119ff3329cf8ed7e09361a:2:{i:0;s:14:\"_csrf-frontend\";i:1;s:32:\"l_eQDsQJZve2YwjIEO7NG3bkPb_VEV_m\";}'
]

$_SESSION = [
    '__flash' => []
]

$_SERVER = [
    'USER' => 'vagrant'
    'HOME' => '/home/vagrant'
    'HTTP_COOKIE' => 'advanced-frontend=0l0oi4jmhsnadee4hqjn65ieqh; _csrf-frontend=5890efdf0148f0c4a552f29fe4a5ecf8854d2d40a57119ff3329cf8ed7e09361a%3A2%3A%7Bi%3A0%3Bs%3A14%3A%22_csrf-frontend%22%3Bi%3A1%3Bs%3A32%3A%22l_eQDsQJZve2YwjIEO7NG3bkPb_VEV_m%22%3B%7D'
    'HTTP_ACCEPT_LANGUAGE' => 'zh-CN,zh;q=0.9'
    'HTTP_ACCEPT_ENCODING' => 'gzip, deflate'
    'HTTP_ACCEPT' => 'text/html,application/xhtml+xml,application/xml;q=0.9,image/webp,image/apng,*/*;q=0.8'
    'HTTP_USER_AGENT' => 'Mozilla/5.0 (Windows NT 10.0; WOW64) AppleWebKit/537.36 (KHTML, like Gecko) Chrome/65.0.3325.181 Safari/537.36'
    'HTTP_UPGRADE_INSECURE_REQUESTS' => '1'
    'HTTP_CONNECTION' => 'keep-alive'
    'HTTP_HOST' => 'www.yii2-advanced.com'
    'REDIRECT_STATUS' => '200'
    'SERVER_NAME' => 'www.yii2-advanced.com'
    'SERVER_PORT' => '80'
    'SERVER_ADDR' => '192.168.10.10'
    'REMOTE_PORT' => '8004'
    'REMOTE_ADDR' => '192.168.10.1'
    'SERVER_SOFTWARE' => 'nginx/1.13.3'
    'GATEWAY_INTERFACE' => 'CGI/1.1'
    'SERVER_PROTOCOL' => 'HTTP/1.1'
    'DOCUMENT_ROOT' => '/home/vagrant/Code/xiaohtstyle/yii2-advanced/frontend/web'
    'DOCUMENT_URI' => '/index.php'
    'REQUEST_URI' => '/'
    'SCRIPT_NAME' => '/index.php'
    'SCRIPT_FILENAME' => '/home/vagrant/Code/xiaohtstyle/yii2-advanced/frontend/web/index.php'
    'CONTENT_LENGTH' => ''
    'CONTENT_TYPE' => ''
    'REQUEST_METHOD' => 'GET'
    'QUERY_STRING' => ''
    'FCGI_ROLE' => 'RESPONDER'
    'PHP_SELF' => '/index.php'
    'REQUEST_TIME_FLOAT' => 1522042917.7055
    'REQUEST_TIME' => 1522042917
]
